<?xml version="1.0" encoding="UTF-8" ?>
<testsuite tests="12" failures="0" name="cucumber.Options.TestRunner" time="13.334" errors="0" skipped="0">
  <properties>
[...]
</properties>
  <testcase classname="Verify if Place is being successfully added using AddPlaceAPI" name="Add Place Payload with &quot;LR Home&quot; &quot;French&quot; &quot;Sibtrn dr&quot;" time="2.464"/>
  <testcase classname="Verify if Place is being successfully added using AddPlaceAPI" name="user calls &quot;AddPlaceAPI&quot; with &quot;POST&quot; http request" time="6.336"/>
  <testcase classname="Verify if Place is being successfully added using AddPlaceAPI" name="then the API call is successful with status code 200" time="0.003"/>
  <testcase classname="Verify if Place is being successfully added using AddPlaceAPI" name="&quot;status&quot; in response body is &quot;OK&quot;" time="1.456"/>
  <testcase classname="Verify if Place is being successfully added using AddPlaceAPI" name="&quot;scope&quot; in response body is &quot;APP&quot;" time="0.021"/>
  <testcase classname="Verify if Place is being successfully added using AddPlaceAPI" name="verify that place_id created maps to &quot;LR Home&quot; got using &quot;getPlaceAPI&quot;" time="1.03"/>
  <testcase classname="Verify if Place is being successfully added using AddPlaceAPI" name="Verify if Place is being successfully added using AddPlaceAPI" time="1.03"/>
  <testcase classname="Verify if Delete place functionality is working" name="DeletePlace payload" time="0.008"/>
  <testcase classname="Verify if Delete place functionality is working" name="user calls &quot;deletePlaceAPI&quot; with &quot;POST&quot; http request" time="0.948"/>
  <testcase classname="Verify if Delete place functionality is working" name="then the API call is successful with status code 200" time="0"/>
  <testcase classname="Verify if Delete place functionality is working" name="&quot;status&quot; in response body is &quot;OK&quot;" time="0.019"/>
  <testcase classname="Verify if Delete place functionality is working" name="Verify if Delete place functionality is working" time="0.019"/>
</testsuite>